<?xml version="1.0" encoding="UTF-8"?>
<!-- Generated by org.testng.reporters.JUnitReportReporter -->
<testsuite hostname="DBSF219" failures="0" tests="1" name="testcases.HomeTest" time="3.336" errors="0" timestamp="2022-09-11T15:28:03 AEST" skipped="0">
  <testcase classname="testcases.HomeTest" name="Test1" time="3.336"/>
  <system-out/>
</testsuite> <!-- testcases.HomeTest -->
