<?xml version="1.0" encoding="UTF-8"?>
<!-- Generated by org.testng.reporters.JUnitReportReporter -->
<testsuite hostname="DBSF219" failures="0" tests="3" name="testcases.SimplilearnLoginTest" time="44.858" errors="0" timestamp="2022-09-17T14:38:13 AEST" skipped="0">
  <testcase classname="testcases.SimplilearnLoginTest" name="Test2" time="16.607"/>
  <system-out/>
  <testcase classname="testcases.SimplilearnLoginTest" name="Test1" time="13.589"/>
  <system-out/>
  <testcase classname="testcases.SimplilearnLoginTest" name="Test3" time="14.662"/>
  <system-out/>
</testsuite> <!-- testcases.SimplilearnLoginTest -->
