<?xml version="1.0" encoding="UTF-8"?>
<!-- Generated by org.testng.reporters.JUnitReportReporter -->
<testsuite hostname="DBSF219" failures="0" tests="3" name="testcases.SimplilearnLoginTest" time="42.098" errors="0" timestamp="2022-09-11T15:28:03 AEST" skipped="0">
  <testcase classname="testcases.SimplilearnLoginTest" name="Test1" time="14.413"/>
  <system-out/>
  <testcase classname="testcases.SimplilearnLoginTest" name="Test2" time="14.271"/>
  <system-out/>
  <testcase classname="testcases.SimplilearnLoginTest" name="Test3" time="13.414"/>
  <system-out/>
</testsuite> <!-- testcases.SimplilearnLoginTest -->
