<?xml version="1.0" encoding="UTF-8"?>
<!-- Generated by org.testng.reporters.JUnitReportReporter -->
<testsuite skipped="0" hostname="DBSF219" name="testcases.SimplilearnLoginTest" tests="3" failures="0" timestamp="2022-09-18T16:35:06 AEST" time="38.464" errors="0">
  <testcase name="Test1" time="14.454" classname="testcases.SimplilearnLoginTest"/>
  <system-out/>
  <testcase name="Test2" time="11.847" classname="testcases.SimplilearnLoginTest"/>
  <system-out/>
  <testcase name="Test3" time="12.163" classname="testcases.SimplilearnLoginTest"/>
  <system-out/>
</testsuite> <!-- testcases.SimplilearnLoginTest -->
