<?xml version="1.0" encoding="UTF-8"?>
<!-- Generated by org.testng.reporters.JUnitReportReporter -->
<testsuite skipped="0" hostname="DBSF219" name="testcases.SimplilearnLoginTest" tests="2" failures="0" timestamp="2022-09-10T17:15:46 AEST" time="28.763" errors="0">
  <testcase name="Test1" time="14.125" classname="testcases.SimplilearnLoginTest"/>
  <system-out/>
  <testcase name="Test2" time="14.638" classname="testcases.SimplilearnLoginTest"/>
  <system-out/>
</testsuite> <!-- testcases.SimplilearnLoginTest -->
