<?xml version="1.0" encoding="UTF-8"?>
<!-- Generated by org.testng.reporters.JUnitReportReporter -->
<testsuite skipped="0" hostname="DBSF219" name="testcases.HomeTest" tests="1" failures="0" timestamp="2022-09-10T17:15:46 AEST" time="4.213" errors="0">
  <testcase name="Test1" time="4.213" classname="testcases.HomeTest"/>
  <system-out/>
</testsuite> <!-- testcases.HomeTest -->
